<?xml version="1.0" encoding="UTF-8"?>
<testng-results ignored="0" total="1" passed="1" failed="0" skipped="0">
  <reporter-output>
  </reporter-output>
  <suite started-at="2024-04-25T01:09:07 IST" name="Wallet Tests" finished-at="2024-04-25T01:09:27 IST" duration-ms="20446">
    <groups>
    </groups>
    <test started-at="2024-04-25T01:09:07 IST" name="Regression" finished-at="2024-04-25T01:09:27 IST" duration-ms="20446">
      <class name="com.trust.tests.WalletTest">
        <test-method is-config="true" signature="setUp(java.lang.String,java.lang.String,java.lang.String)[pri:0, instance:com.trust.tests.WalletTest@76505305]" started-at="2024-04-25T01:09:07 IST" name="setUp" finished-at="2024-04-25T01:09:16 IST" duration-ms="9320" status="PASS">
          <params>
            <param index="0">
              <value>
                <![CDATA[Android]]>
              </value>
            </param>
            <param index="1">
              <value>
                <![CDATA[Pixel_5_API_30]]>
              </value>
            </param>
            <param index="2">
              <value>
                <![CDATA[UIAutomator2]]>
              </value>
            </param>
          </params>
          <reporter-output>
          </reporter-output>
        </test-method> <!-- setUp -->
        <test-method signature="createWallet()[pri:0, instance:com.trust.tests.WalletTest@76505305]" started-at="2024-04-25T01:09:16 IST" name="createWallet" description="Create Wallet Tests for Trust Wallet App" finished-at="2024-04-25T01:09:27 IST" duration-ms="10800" status="PASS">
          <reporter-output>
          </reporter-output>
        </test-method> <!-- createWallet -->
        <test-method is-config="true" signature="tearDown(org.testng.ITestResult)[pri:0, instance:com.trust.tests.WalletTest@76505305]" started-at="2024-04-25T01:09:27 IST" name="tearDown" finished-at="2024-04-25T01:09:27 IST" duration-ms="304" status="PASS">
          <params>
            <param index="0">
              <value>
                <![CDATA[[TestResult name=createWallet status=SUCCESS method=WalletTest.createWallet()[pri:0, instance:com.trust.tests.WalletTest@76505305] output={null}]]]>
              </value>
            </param>
          </params>
          <reporter-output>
          </reporter-output>
        </test-method> <!-- tearDown -->
      </class> <!-- com.trust.tests.WalletTest -->
    </test> <!-- Regression -->
  </suite> <!-- Wallet Tests -->
</testng-results>
